{"C:\\Users\\aluno.SENACLAB\\Desktop\\tutorial-testes-unitarios\\testes-integracao\\testes-integracao-JS\\src\\app.js": {"path":"C:\\Users\\aluno.SENACLAB\\Desktop\\tutorial-testes-unitarios\\testes-integracao\\testes-integracao-JS\\src\\app.js","statementMap":{"0":{"start":{"line":1,"column":16},"end":{"line":1,"column":34}},"1":{"start":{"line":2,"column":17},"end":{"line":2,"column":38}},"2":{"start":{"line":4,"column":12},"end":{"line":4,"column":21}},"3":{"start":{"line":5,"column":0},"end":{"line":5,"column":24}},"4":{"start":{"line":8,"column":0},"end":{"line":11,"column":3}},"5":{"start":{"line":10,"column":2},"end":{"line":10,"column":33}},"6":{"start":{"line":14,"column":0},"end":{"line":26,"column":3}},"7":{"start":{"line":15,"column":17},"end":{"line":15,"column":27}},"8":{"start":{"line":17,"column":18},"end":{"line":17,"column":59}},"9":{"start":{"line":17,"column":37},"end":{"line":17,"column":58}},"10":{"start":{"line":20,"column":2},"end":{"line":22,"column":3}},"11":{"start":{"line":21,"column":4},"end":{"line":21,"column":72}},"12":{"start":{"line":25,"column":2},"end":{"line":25,"column":32}},"13":{"start":{"line":29,"column":0},"end":{"line":29,"column":21}}},"fnMap":{"0":{"name":"(anonymous_0)","decl":{"start":{"line":8,"column":21},"end":{"line":8,"column":22}},"loc":{"start":{"line":8,"column":35},"end":{"line":11,"column":1}},"line":8},"1":{"name":"(anonymous_1)","decl":{"start":{"line":14,"column":25},"end":{"line":14,"column":26}},"loc":{"start":{"line":14,"column":39},"end":{"line":26,"column":1}},"line":14},"2":{"name":"(anonymous_2)","decl":{"start":{"line":17,"column":32},"end":{"line":17,"column":33}},"loc":{"start":{"line":17,"column":37},"end":{"line":17,"column":58}},"line":17}},"branchMap":{"0":{"loc":{"start":{"line":20,"column":2},"end":{"line":22,"column":3}},"type":"if","locations":[{"start":{"line":20,"column":2},"end":{"line":22,"column":3}},{"start":{},"end":{}}],"line":20}},"s":{"0":1,"1":1,"2":1,"3":1,"4":1,"5":1,"6":1,"7":2,"8":2,"9":3,"10":2,"11":1,"12":1,"13":1},"f":{"0":1,"1":2,"2":3},"b":{"0":[1,1]},"_coverageSchema":"1a1c01bbd47fc00a2c39e90264f33305004495a9","hash":"1b6851304710cb8a0cdb71ecc60f0647377102f6"}
,"C:\\Users\\aluno.SENACLAB\\Desktop\\tutorial-testes-unitarios\\testes-integracao\\testes-integracao-JS\\src\\produtos.js": {"path":"C:\\Users\\aluno.SENACLAB\\Desktop\\tutorial-testes-unitarios\\testes-integracao\\testes-integracao-JS\\src\\produtos.js","statementMap":{"0":{"start":{"line":2,"column":17},"end":{"line":5,"column":1}},"1":{"start":{"line":8,"column":0},"end":{"line":8,"column":26}}},"fnMap":{},"branchMap":{},"s":{"0":1,"1":1},"f":{},"b":{},"_coverageSchema":"1a1c01bbd47fc00a2c39e90264f33305004495a9","hash":"dcf924e1aedd02948ea8564caee6c0a5a1f8d433"}
}
